<!DOCTYPE html>

<html>
  <head>
  <meta charset='utf-8'>
  <title>TestNG reports</title>

    <link type="text/css" href="testng-reports.css" rel="stylesheet" />
    <script type="text/javascript" src="jquery-1.7.1.min.js"></script>
    <script type="text/javascript" src="testng-reports.js"></script>
    <script type="text/javascript" src="https://www.google.com/jsapi"></script>
    <script type='text/javascript'>
      google.load('visualization', '1', {packages:['table']});
      google.setOnLoadCallback(drawTable);
      var suiteTableInitFunctions = new Array();
      var suiteTableData = new Array();
    </script>
    <!--
      <script type="text/javascript" src="jquery-ui/js/jquery-ui-1.8.16.custom.min.js"></script>
     -->
  </head>

  <body>
    <div class="top-banner-root">
      <span class="top-banner-title-font">Test results</span>
      <br/>
      <span class="top-banner-font-1">1 suite, 1 failed test</span>
    </div> <!-- top-banner-root -->
    <div class="navigator-root">
      <div class="navigator-suite-header">
        <span>All suites</span>
        <a href="#" class="collapse-all-link" title="Collapse/expand all the suites">
          <img class="collapse-all-icon" src="collapseall.gif">
          </img> <!-- collapse-all-icon -->
        </a> <!-- collapse-all-link -->
      </div> <!-- navigator-suite-header -->
      <div class="suite">
        <div class="rounded-window">
          <div class="suite-header light-rounded-window-top">
            <a href="#" class="navigator-link" panel-name="suite-Guru99Banking">
              <span class="suite-name border-failed">Guru99Banking</span>
            </a> <!-- navigator-link -->
          </div> <!-- suite-header light-rounded-window-top -->
          <div class="navigator-suite-content">
            <div class="suite-section-title">
              <span>Info</span>
            </div> <!-- suite-section-title -->
            <div class="suite-section-content">
              <ul>
                <li>
                  <a href="#" class="navigator-link " panel-name="test-xml-Guru99Banking">
                    <span>C:\Users\GUDU\Downloads\InternetGuru99Bank\testng.xml</span>
                  </a> <!-- navigator-link  -->
                </li>
                <li>
                  <a href="#" class="navigator-link " panel-name="testlist-Guru99Banking">
                    <span class="test-stats">1 test</span>
                  </a> <!-- navigator-link  -->
                </li>
                <li>
                  <a href="#" class="navigator-link " panel-name="group-Guru99Banking">
                    <span>0 groups</span>
                  </a> <!-- navigator-link  -->
                </li>
                <li>
                  <a href="#" class="navigator-link " panel-name="times-Guru99Banking">
                    <span>Times</span>
                  </a> <!-- navigator-link  -->
                </li>
                <li>
                  <a href="#" class="navigator-link " panel-name="reporter-Guru99Banking">
                    <span>Reporter output</span>
                  </a> <!-- navigator-link  -->
                </li>
                <li>
                  <a href="#" class="navigator-link " panel-name="ignored-methods-Guru99Banking">
                    <span>Ignored methods</span>
                  </a> <!-- navigator-link  -->
                </li>
                <li>
                  <a href="#" class="navigator-link " panel-name="chronological-Guru99Banking">
                    <span>Chronological view</span>
                  </a> <!-- navigator-link  -->
                </li>
              </ul>
            </div> <!-- suite-section-content -->
            <div class="result-section">
              <div class="suite-section-title">
                <span>Results</span>
              </div> <!-- suite-section-title -->
              <div class="suite-section-content">
                <ul>
                  <li>
                    <span class="method-stats">3 methods, 1 failed,  1 skipped,  1 passed</span>
                  </li>
                  <li>
                    <span class="method-list-title failed">Failed methods</span>
                    <span class="show-or-hide-methods failed">
                      <a href="#" panel-name="suite-Guru99Banking" class="hide-methods failed suite-Guru99Banking"> (hide)</a> <!-- hide-methods failed suite-Guru99Banking -->
                      <a href="#" panel-name="suite-Guru99Banking" class="show-methods failed suite-Guru99Banking"> (show)</a> <!-- show-methods failed suite-Guru99Banking -->
                    </span>
                    <div class="method-list-content failed suite-Guru99Banking">
                      <span>
                        <img width="3%" src="failed.png"/>
                        <a href="#" class="method navigator-link" panel-name="suite-Guru99Banking" title="com.qa.test.DataDrivenTest" hash-for-method="testLogin(mngr83460, qAbUzyj)">testLogin(mngr83460, qAbUzyj)</a> <!-- method navigator-link -->
                      </span>
                      <br/>
                    </div> <!-- method-list-content failed suite-Guru99Banking -->
                  </li>
                  <li>
                    <span class="method-list-title skipped">Skipped methods</span>
                    <span class="show-or-hide-methods skipped">
                      <a href="#" panel-name="suite-Guru99Banking" class="hide-methods skipped suite-Guru99Banking"> (hide)</a> <!-- hide-methods skipped suite-Guru99Banking -->
                      <a href="#" panel-name="suite-Guru99Banking" class="show-methods skipped suite-Guru99Banking"> (show)</a> <!-- show-methods skipped suite-Guru99Banking -->
                    </span>
                    <div class="method-list-content skipped suite-Guru99Banking">
                      <span>
                        <img width="3%" src="skipped.png"/>
                        <a href="#" class="method navigator-link" panel-name="suite-Guru99Banking" title="com.qa.test.DataDrivenTest" hash-for-method="testLogin">testLogin</a> <!-- method navigator-link -->
                      </span>
                      <br/>
                    </div> <!-- method-list-content skipped suite-Guru99Banking -->
                  </li>
                  <li>
                    <span class="method-list-title passed">Passed methods</span>
                    <span class="show-or-hide-methods passed">
                      <a href="#" panel-name="suite-Guru99Banking" class="hide-methods passed suite-Guru99Banking"> (hide)</a> <!-- hide-methods passed suite-Guru99Banking -->
                      <a href="#" panel-name="suite-Guru99Banking" class="show-methods passed suite-Guru99Banking"> (show)</a> <!-- show-methods passed suite-Guru99Banking -->
                    </span>
                    <div class="method-list-content passed suite-Guru99Banking">
                      <span>
                        <img width="3%" src="passed.png"/>
                        <a href="#" class="method navigator-link" panel-name="suite-Guru99Banking" title="com.qa.test.DataDrivenTest" hash-for-method="testLogin(mngr321357, bYhYsuh)">testLogin(mngr321357, bYhYsuh)</a> <!-- method navigator-link -->
                      </span>
                      <br/>
                    </div> <!-- method-list-content passed suite-Guru99Banking -->
                  </li>
                </ul>
              </div> <!-- suite-section-content -->
            </div> <!-- result-section -->
          </div> <!-- navigator-suite-content -->
        </div> <!-- rounded-window -->
      </div> <!-- suite -->
    </div> <!-- navigator-root -->
    <div class="wrapper">
      <div class="main-panel-root">
        <div panel-name="suite-Guru99Banking" class="panel Guru99Banking">
          <div class="suite-Guru99Banking-class-failed">
            <div class="main-panel-header rounded-window-top">
              <img src="failed.png"/>
              <span class="class-name">com.qa.test.DataDrivenTest</span>
            </div> <!-- main-panel-header rounded-window-top -->
            <div class="main-panel-content rounded-window-bottom">
              <div class="method">
                <div class="method-content">
                  <a name="testLogin(mngr83460, qAbUzyj)">
                  </a> <!-- testLogin(mngr83460, qAbUzyj) -->
                  <span class="method-name">testLogin</span>
                  <span class="parameters">(mngr83460, qAbUzyj)</span>
                  <div class="stack-trace">java.lang.AssertionError: expected [true] but found [false]
	at org.testng.Assert.fail(Assert.java:96)
	at org.testng.Assert.failNotEquals(Assert.java:776)
	at org.testng.Assert.assertTrue(Assert.java:44)
	at org.testng.Assert.assertTrue(Assert.java:54)
	at com.qa.test.DataDrivenTest.testLogin(DataDrivenTest.java:53)
	at sun.reflect.NativeMethodAccessorImpl.invoke0(Native Method)
	at sun.reflect.NativeMethodAccessorImpl.invoke(NativeMethodAccessorImpl.java:62)
	at sun.reflect.DelegatingMethodAccessorImpl.invoke(DelegatingMethodAccessorImpl.java:43)
	at java.lang.reflect.Method.invoke(Method.java:498)
	at org.testng.internal.MethodInvocationHelper.invokeMethod(MethodInvocationHelper.java:124)
	at org.testng.internal.Invoker.invokeMethod(Invoker.java:583)
	at org.testng.internal.Invoker.invokeTestMethod(Invoker.java:719)
	at org.testng.internal.Invoker.invokeTestMethods(Invoker.java:989)
	at org.testng.internal.TestMethodWorker.invokeTestMethods(TestMethodWorker.java:125)
	at org.testng.internal.TestMethodWorker.run(TestMethodWorker.java:109)
	at org.testng.TestRunner.privateRun(TestRunner.java:648)
	at org.testng.TestRunner.run(TestRunner.java:505)
	at org.testng.SuiteRunner.runTest(SuiteRunner.java:455)
	at org.testng.SuiteRunner.runSequentially(SuiteRunner.java:450)
	at org.testng.SuiteRunner.privateRun(SuiteRunner.java:415)
	at org.testng.SuiteRunner.run(SuiteRunner.java:364)
	at org.testng.SuiteRunnerWorker.runSuite(SuiteRunnerWorker.java:52)
	at org.testng.SuiteRunnerWorker.run(SuiteRunnerWorker.java:84)
	at org.testng.TestNG.runSuitesSequentially(TestNG.java:1208)
	at org.testng.TestNG.runSuitesLocally(TestNG.java:1137)
	at org.testng.TestNG.runSuites(TestNG.java:1049)
	at org.testng.TestNG.run(TestNG.java:1017)
	at org.apache.maven.surefire.testng.TestNGExecutor.run(TestNGExecutor.java:295)
	at org.apache.maven.surefire.testng.TestNGXmlTestSuite.execute(TestNGXmlTestSuite.java:84)
	at org.apache.maven.surefire.testng.TestNGProvider.invoke(TestNGProvider.java:90)
	at org.apache.maven.surefire.booter.ForkedBooter.invokeProviderInSameClassLoader(ForkedBooter.java:203)
	at org.apache.maven.surefire.booter.ForkedBooter.runSuitesInProcess(ForkedBooter.java:155)
	at org.apache.maven.surefire.booter.ForkedBooter.main(ForkedBooter.java:103)

</div> <!-- stack-trace -->
                </div> <!-- method-content -->
              </div> <!-- method -->
            </div> <!-- main-panel-content rounded-window-bottom -->
          </div> <!-- suite-Guru99Banking-class-failed -->
          <div class="suite-Guru99Banking-class-skipped">
            <div class="main-panel-header rounded-window-top">
              <img src="skipped.png"/>
              <span class="class-name">com.qa.test.DataDrivenTest</span>
            </div> <!-- main-panel-header rounded-window-top -->
            <div class="main-panel-content rounded-window-bottom">
              <div class="method">
                <div class="method-content">
                  <a name="testLogin">
                  </a> <!-- testLogin -->
                  <span class="method-name">testLogin</span>
                  <div class="stack-trace">org.openqa.selenium.WebDriverException: Failed to connect to binary FirefoxBinary(C:\Program Files\Mozilla Firefox\firefox.exe) on port 7055; process output follows: 
1619331349380	addons.manager	DEBUG	Application has been upgraded
1619331350332	addons.manager	DEBUG	Loaded provider scope for resource://gre/modules/addons/XPIProvider.jsm: [&quot;XPIProvider&quot;]
1619331350336	addons.manager	DEBUG	Loaded provider scope for resource://gre/modules/LightweightThemeManager.jsm: [&quot;LightweightThemeManager&quot;]
1619331350341	addons.manager	DEBUG	Loaded provider scope for resource://gre/modules/addons/GMPProvider.jsm
1619331350344	addons.manager	DEBUG	Loaded provider scope for resource://gre/modules/addons/PluginProvider.jsm
1619331350345	addons.manager	DEBUG	Starting provider: XPIProvider
1619331350346	addons.xpi	DEBUG	startup
1619331350347	addons.xpi	INFO	Mapping fxdriver@googlecode.com to C:\Users\GUDU\AppData\Local\Temp\anonymous7095294554554933269webdriver-profile\extensions\fxdriver@googlecode.com
1619331350347	addons.xpi	DEBUG	Ignoring file entry whose name is not a valid add-on ID: C:\Users\GUDU\AppData\Local\Temp\anonymous7095294554554933269webdriver-profile\extensions\webdriver-staging
1619331350348	addons.xpi	INFO	SystemAddonInstallLocation directory is missing
1619331350351	addons.xpi	WARN	Ignoring missing add-on in C:\Program Files\Internet Download Manager\idmmzcc2.xpi
1619331350352	addons.xpi	INFO	Mapping mozilla_cc@internetdownloadmanager.com to C:\Users\GUDU\AppData\Roaming\IDM\idmmzcc5
1619331350353	addons.xpi	INFO	Mapping {972ce4c6-7e08-4474-a285-3208198ce6fd} to C:\Program Files\Mozilla Firefox\browser\extensions\{972ce4c6-7e08-4474-a285-3208198ce6fd}
1619331350353	addons.xpi	DEBUG	Skipping unavailable install location app-system-share
1619331350353	addons.xpi	DEBUG	Skipping unavailable install location app-system-local
1619331350354	addons.xpi	DEBUG	checkForChanges
1619331350355	addons.xpi	DEBUG	Loaded add-on state from prefs: {}
1619331350355	addons.xpi	DEBUG	New add-on fxdriver@googlecode.com in app-profile
1619331350356	addons.xpi	DEBUG	getModTime: Recursive scan of fxdriver@googlecode.com
1619331350364	addons.xpi	DEBUG	New add-on mozilla_cc@internetdownloadmanager.com in winreg-app-user
1619331350365	addons.xpi	DEBUG	getModTime: Recursive scan of mozilla_cc@internetdownloadmanager.com
1619331350378	addons.xpi	DEBUG	New add-on {972ce4c6-7e08-4474-a285-3208198ce6fd} in app-global
1619331350379	addons.xpi	DEBUG	getModTime: Recursive scan of {972ce4c6-7e08-4474-a285-3208198ce6fd}
1619331350381	addons.xpi	DEBUG	getInstallState changed: true, state: {&quot;app-profile&quot;:{&quot;fxdriver@googlecode.com&quot;:{&quot;d&quot;:&quot;C:\\Users\\GUDU\\AppData\\Local\\Temp\\anonymous7095294554554933269webdriver-profile\\extensions\\fxdriver@googlecode.com&quot;,&quot;st&quot;:1619331312487,&quot;mt&quot;:1619331312471}},&quot;winreg-app-user&quot;:{&quot;mozilla_cc@internetdownloadmanager.com&quot;:{&quot;d&quot;:&quot;C:\\Users\\GUDU\\AppData\\Roaming\\IDM\\idmmzcc5&quot;,&quot;st&quot;:1558096344504,&quot;mt&quot;:1558096344442}},&quot;app-global&quot;:{&quot;{972ce4c6-7e08-4474-a285-3208198ce6fd}&quot;:{&quot;d&quot;:&quot;C:\\Program Files\\Mozilla Firefox\\browser\\extensions\\{972ce4c6-7e08-4474-a285-3208198ce6fd}&quot;,&quot;st&quot;:1541159009233,&quot;mt&quot;:1450322003000}}}
1619331350393	addons.xpi-utils	DEBUG	Opening XPI database C:\Users\GUDU\AppData\Local\Temp\anonymous7095294554554933269webdriver-profile\extensions.json
1619331350395	addons.xpi-utils	DEBUG	New add-on fxdriver@googlecode.com installed in app-profile
*** Blocklist::_loadBlocklistFromFile: blocklist is disabled

Build info: version: &apos;2.53.0&apos;, revision: &apos;35ae25b1534ae328c771e0856c93e187490ca824&apos;, time: &apos;2016-03-15 10:43:46&apos;
System info: host: &apos;GUDU-PC&apos;, ip: &apos;192.168.43.50&apos;, os.name: &apos;Windows 7&apos;, os.arch: &apos;x86&apos;, os.version: &apos;6.1&apos;, java.version: &apos;1.8.0_191&apos;
Driver info: driver.version: FirefoxDriver
	at org.openqa.selenium.firefox.internal.NewProfileExtensionConnection.start(NewProfileExtensionConnection.java:125)
	at org.openqa.selenium.firefox.FirefoxDriver.startClient(FirefoxDriver.java:271)
	at org.openqa.selenium.remote.RemoteWebDriver.&lt;init&gt;(RemoteWebDriver.java:119)
	at org.openqa.selenium.firefox.FirefoxDriver.&lt;init&gt;(FirefoxDriver.java:216)
	at org.openqa.selenium.firefox.FirefoxDriver.&lt;init&gt;(FirefoxDriver.java:211)
	at org.openqa.selenium.firefox.FirefoxDriver.&lt;init&gt;(FirefoxDriver.java:207)
	at org.openqa.selenium.firefox.FirefoxDriver.&lt;init&gt;(FirefoxDriver.java:120)
	at com.qa.base.TestBase.initialization(TestBase.java:40)
	at com.qa.test.DataDrivenTest.browserSetup(DataDrivenTest.java:33)
	at sun.reflect.NativeMethodAccessorImpl.invoke0(Native Method)
	at sun.reflect.NativeMethodAccessorImpl.invoke(NativeMethodAccessorImpl.java:62)
	at sun.reflect.DelegatingMethodAccessorImpl.invoke(DelegatingMethodAccessorImpl.java:43)
	at java.lang.reflect.Method.invoke(Method.java:498)
	at org.testng.internal.MethodInvocationHelper.invokeMethod(MethodInvocationHelper.java:124)
	at org.testng.internal.MethodInvocationHelper.invokeMethodConsideringTimeout(MethodInvocationHelper.java:59)
	at org.testng.internal.Invoker.invokeConfigurationMethod(Invoker.java:458)
	at org.testng.internal.Invoker.invokeConfigurations(Invoker.java:222)
	at org.testng.internal.Invoker.invokeMethod(Invoker.java:523)
	at org.testng.internal.Invoker.invokeTestMethod(Invoker.java:719)
	at org.testng.internal.Invoker.invokeTestMethods(Invoker.java:989)
	at org.testng.internal.TestMethodWorker.invokeTestMethods(TestMethodWorker.java:125)
	at org.testng.internal.TestMethodWorker.run(TestMethodWorker.java:109)
	at org.testng.TestRunner.privateRun(TestRunner.java:648)
	at org.testng.TestRunner.run(TestRunner.java:505)
	at org.testng.SuiteRunner.runTest(SuiteRunner.java:455)
	at org.testng.SuiteRunner.runSequentially(SuiteRunner.java:450)
	at org.testng.SuiteRunner.privateRun(SuiteRunner.java:415)
	at org.testng.SuiteRunner.run(SuiteRunner.java:364)
	at org.testng.SuiteRunnerWorker.runSuite(SuiteRunnerWorker.java:52)
	at org.testng.SuiteRunnerWorker.run(SuiteRunnerWorker.java:84)
	at org.testng.TestNG.runSuitesSequentially(TestNG.java:1208)
	at org.testng.TestNG.runSuitesLocally(TestNG.java:1137)
	at org.testng.TestNG.runSuites(TestNG.java:1049)
	at org.testng.TestNG.run(TestNG.java:1017)
	at org.apache.maven.surefire.testng.TestNGExecutor.run(TestNGExecutor.java:295)
	at org.apache.maven.surefire.testng.TestNGXmlTestSuite.execute(TestNGXmlTestSuite.java:84)
	at org.apache.maven.surefire.testng.TestNGProvider.invoke(TestNGProvider.java:90)
	at org.apache.maven.surefire.booter.ForkedBooter.invokeProviderInSameClassLoader(ForkedBooter.java:203)
	at org.apache.maven.surefire.booter.ForkedBooter.runSuitesInProcess(ForkedBooter.java:155)
	at org.apache.maven.surefire.booter.ForkedBooter.main(ForkedBooter.java:103)
Caused by: org.openqa.selenium.firefox.NotConnectedException: Unable to connect to host 127.0.0.1 on port 7055 after 45000 ms. Firefox console output:
1619331349380	addons.manager	DEBUG	Application has been upgraded
1619331350332	addons.manager	DEBUG	Loaded provider scope for resource://gre/modules/addons/XPIProvider.jsm: [&quot;XPIProvider&quot;]
1619331350336	addons.manager	DEBUG	Loaded provider scope for resource://gre/modules/LightweightThemeManager.jsm: [&quot;LightweightThemeManager&quot;]
1619331350341	addons.manager	DEBUG	Loaded provider scope for resource://gre/modules/addons/GMPProvider.jsm
1619331350344	addons.manager	DEBUG	Loaded provider scope for resource://gre/modules/addons/PluginProvider.jsm
1619331350345	addons.manager	DEBUG	Starting provider: XPIProvider
1619331350346	addons.xpi	DEBUG	startup
1619331350347	addons.xpi	INFO	Mapping fxdriver@googlecode.com to C:\Users\GUDU\AppData\Local\Temp\anonymous7095294554554933269webdriver-profile\extensions\fxdriver@googlecode.com
1619331350347	addons.xpi	DEBUG	Ignoring file entry whose name is not a valid add-on ID: C:\Users\GUDU\AppData\Local\Temp\anonymous7095294554554933269webdriver-profile\extensions\webdriver-staging
1619331350348	addons.xpi	INFO	SystemAddonInstallLocation directory is missing
1619331350351	addons.xpi	WARN	Ignoring missing add-on in C:\Program Files\Internet Download Manager\idmmzcc2.xpi
1619331350352	addons.xpi	INFO	Mapping mozilla_cc@internetdownloadmanager.com to C:\Users\GUDU\AppData\Roaming\IDM\idmmzcc5
1619331350353	addons.xpi	INFO	Mapping {972ce4c6-7e08-4474-a285-3208198ce6fd} to C:\Program Files\Mozilla Firefox\browser\extensions\{972ce4c6-7e08-4474-a285-3208198ce6fd}
1619331350353	addons.xpi	DEBUG	Skipping unavailable install location app-system-share
1619331350353	addons.xpi	DEBUG	Skipping unavailable install location app-system-local
1619331350354	addons.xpi	DEBUG	checkForChanges
1619331350355	addons.xpi	DEBUG	Loaded add-on state from prefs: {}
1619331350355	addons.xpi	DEBUG	New add-on fxdriver@googlecode.com in app-profile
1619331350356	addons.xpi	DEBUG	getModTime: Recursive scan of fxdriver@googlecode.com
1619331350364	addons.xpi	DEBUG	New add-on mozilla_cc@internetdownloadmanager.com in winreg-app-user
1619331350365	addons.xpi	DEBUG	getModTime: Recursive scan of mozilla_cc@internetdownloadmanager.com
1619331350378	addons.xpi	DEBUG	New add-on {972ce4c6-7e08-4474-a285-3208198ce6fd} in app-global
1619331350379	addons.xpi	DEBUG	getModTime: Recursive scan of {972ce4c6-7e08-4474-a285-3208198ce6fd}
1619331350381	addons.xpi	DEBUG	getInstallState changed: true, state: {&quot;app-profile&quot;:{&quot;fxdriver@googlecode.com&quot;:{&quot;d&quot;:&quot;C:\\Users\\GUDU\\AppData\\Local\\Temp\\anonymous7095294554554933269webdriver-profile\\extensions\\fxdriver@googlecode.com&quot;,&quot;st&quot;:1619331312487,&quot;mt&quot;:1619331312471}},&quot;winreg-app-user&quot;:{&quot;mozilla_cc@internetdownloadmanager.com&quot;:{&quot;d&quot;:&quot;C:\\Users\\GUDU\\AppData\\Roaming\\IDM\\idmmzcc5&quot;,&quot;st&quot;:1558096344504,&quot;mt&quot;:1558096344442}},&quot;app-global&quot;:{&quot;{972ce4c6-7e08-4474-a285-3208198ce6fd}&quot;:{&quot;d&quot;:&quot;C:\\Program Files\\Mozilla Firefox\\browser\\extensions\\{972ce4c6-7e08-4474-a285-3208198ce6fd}&quot;,&quot;st&quot;:1541159009233,&quot;mt&quot;:1450322003000}}}
1619331350393	addons.xpi-utils	DEBUG	Opening XPI database C:\Users\GUDU\AppData\Local\Temp\anonymous7095294554554933269webdriver-profile\extensions.json
1619331350395	addons.xpi-utils	DEBUG	New add-on fxdriver@googlecode.com installed in app-profile
*** Blocklist::_loadBlocklistFromFile: blocklist is disabled

	at org.openqa.selenium.firefox.internal.NewProfileExtensionConnection.start(NewProfileExtensionConnection.java:113)
	... 39 more

</div> <!-- stack-trace -->
                </div> <!-- method-content -->
              </div> <!-- method -->
            </div> <!-- main-panel-content rounded-window-bottom -->
          </div> <!-- suite-Guru99Banking-class-skipped -->
          <div class="suite-Guru99Banking-class-passed">
            <div class="main-panel-header rounded-window-top">
              <img src="passed.png"/>
              <span class="class-name">com.qa.test.DataDrivenTest</span>
            </div> <!-- main-panel-header rounded-window-top -->
            <div class="main-panel-content rounded-window-bottom">
              <div class="method">
                <div class="method-content">
                  <a name="testLogin(mngr321357, bYhYsuh)">
                  </a> <!-- testLogin(mngr321357, bYhYsuh) -->
                  <span class="method-name">testLogin</span>
                  <span class="parameters">(mngr321357, bYhYsuh)</span>
                </div> <!-- method-content -->
              </div> <!-- method -->
            </div> <!-- main-panel-content rounded-window-bottom -->
          </div> <!-- suite-Guru99Banking-class-passed -->
        </div> <!-- panel Guru99Banking -->
        <div panel-name="test-xml-Guru99Banking" class="panel">
          <div class="main-panel-header rounded-window-top">
            <span class="header-content">C:\Users\GUDU\Downloads\InternetGuru99Bank\testng.xml</span>
          </div> <!-- main-panel-header rounded-window-top -->
          <div class="main-panel-content rounded-window-bottom">
            <pre>
&lt;?xml version=&quot;1.0&quot; encoding=&quot;UTF-8&quot;?&gt;
&lt;!DOCTYPE suite SYSTEM &quot;http://testng.org/testng-1.0.dtd&quot;&gt;
&lt;suite guice-stage=&quot;DEVELOPMENT&quot; verbose=&quot;0&quot; name=&quot;Guru99Banking&quot;&gt;
  &lt;listeners&gt;
    &lt;listener class-name=&quot;com.qa.ExtentReportListener.ExtentReporterNG&quot;/&gt;
  &lt;/listeners&gt;
  &lt;test thread-count=&quot;5&quot; verbose=&quot;2&quot; name=&quot;C:/Users/GUDU/Downloads/InternetGuru99Bank&quot;&gt;
    &lt;classes&gt;
      &lt;class name=&quot;com.qa.test.DataDrivenTest&quot;/&gt;
    &lt;/classes&gt;
  &lt;/test&gt; &lt;!-- C:/Users/GUDU/Downloads/InternetGuru99Bank --&gt;
&lt;/suite&gt; &lt;!-- Guru99Banking --&gt;
            </pre>
          </div> <!-- main-panel-content rounded-window-bottom -->
        </div> <!-- panel -->
        <div panel-name="testlist-Guru99Banking" class="panel">
          <div class="main-panel-header rounded-window-top">
            <span class="header-content">Tests for Guru99Banking</span>
          </div> <!-- main-panel-header rounded-window-top -->
          <div class="main-panel-content rounded-window-bottom">
            <ul>
              <li>
                <span class="test-name">C:/Users/GUDU/Downloads/InternetGuru99Bank (1 class)</span>
              </li>
            </ul>
          </div> <!-- main-panel-content rounded-window-bottom -->
        </div> <!-- panel -->
        <div panel-name="group-Guru99Banking" class="panel">
          <div class="main-panel-header rounded-window-top">
            <span class="header-content">Groups for Guru99Banking</span>
          </div> <!-- main-panel-header rounded-window-top -->
          <div class="main-panel-content rounded-window-bottom">
          </div> <!-- main-panel-content rounded-window-bottom -->
        </div> <!-- panel -->
        <div panel-name="times-Guru99Banking" class="panel">
          <div class="main-panel-header rounded-window-top">
            <span class="header-content">Times for Guru99Banking</span>
          </div> <!-- main-panel-header rounded-window-top -->
          <div class="main-panel-content rounded-window-bottom">
            <div class="times-div">
              <script type="text/javascript">
suiteTableInitFunctions.push('tableData_Guru99Banking');
function tableData_Guru99Banking() {
var data = new google.visualization.DataTable();
data.addColumn('number', 'Number');
data.addColumn('string', 'Method');
data.addColumn('string', 'Class');
data.addColumn('number', 'Time (ms)');
data.addRows(3);
data.setCell(0, 0, 0)
data.setCell(0, 1, 'testLogin')
data.setCell(0, 2, 'com.qa.test.DataDrivenTest')
data.setCell(0, 3, 132237);
data.setCell(1, 0, 1)
data.setCell(1, 1, 'testLogin')
data.setCell(1, 2, 'com.qa.test.DataDrivenTest')
data.setCell(1, 3, 77767);
data.setCell(2, 0, 2)
data.setCell(2, 1, 'testLogin')
data.setCell(2, 2, 'com.qa.test.DataDrivenTest')
data.setCell(2, 3, 0);
window.suiteTableData['Guru99Banking']= { tableData: data, tableDiv: 'times-div-Guru99Banking'}
return data;
}
              </script>
              <span class="suite-total-time">Total running time: 3 minutes</span>
              <div id="times-div-Guru99Banking">
              </div> <!-- times-div-Guru99Banking -->
            </div> <!-- times-div -->
          </div> <!-- main-panel-content rounded-window-bottom -->
        </div> <!-- panel -->
        <div panel-name="reporter-Guru99Banking" class="panel">
          <div class="main-panel-header rounded-window-top">
            <span class="header-content">Reporter output for Guru99Banking</span>
          </div> <!-- main-panel-header rounded-window-top -->
          <div class="main-panel-content rounded-window-bottom">
          </div> <!-- main-panel-content rounded-window-bottom -->
        </div> <!-- panel -->
        <div panel-name="ignored-methods-Guru99Banking" class="panel">
          <div class="main-panel-header rounded-window-top">
            <span class="header-content">0 ignored methods</span>
          </div> <!-- main-panel-header rounded-window-top -->
          <div class="main-panel-content rounded-window-bottom">
          </div> <!-- main-panel-content rounded-window-bottom -->
        </div> <!-- panel -->
        <div panel-name="chronological-Guru99Banking" class="panel">
          <div class="main-panel-header rounded-window-top">
            <span class="header-content">Methods in chronological order</span>
          </div> <!-- main-panel-header rounded-window-top -->
          <div class="main-panel-content rounded-window-bottom">
            <div class="chronological-class">
              <div class="chronological-class-name">com.qa.test.DataDrivenTest</div> <!-- chronological-class-name -->
              <div class="test-method">
                <span class="method-name">testLogin</span>
                <span class="method-start">0 ms</span>
              </div> <!-- test-method -->
              <div class="configuration-method before">
                <span class="method-name">browserSetup</span>
                <span class="method-start">0 ms</span>
              </div> <!-- configuration-method before -->
              <div class="test-method">
                <span class="method-name">testLogin(mngr321357, bYhYsuh)</span>
                <span class="method-start">172835 ms</span>
              </div> <!-- test-method -->
              <div class="configuration-method after">
                <span class="method-name">closeBrowser</span>
                <span class="method-start">305196 ms</span>
              </div> <!-- configuration-method after -->
              <div class="configuration-method before">
                <span class="method-name">browserSetup</span>
                <span class="method-start">305212 ms</span>
              </div> <!-- configuration-method before -->
              <div class="test-method">
                <img src="failed.png">
                </img>
                <span class="method-name">testLogin(mngr83460, qAbUzyj)</span>
                <span class="method-start">391266 ms</span>
              </div> <!-- test-method -->
              <div class="configuration-method after">
                <span class="method-name">closeBrowser</span>
                <span class="method-start">469392 ms</span>
              </div> <!-- configuration-method after -->
              <div class="configuration-method before">
                <img src="failed.png">
                </img>
                <span class="method-name">browserSetup</span>
                <span class="method-start">469423 ms</span>
              </div> <!-- configuration-method before -->
          </div> <!-- main-panel-content rounded-window-bottom -->
        </div> <!-- panel -->
      </div> <!-- main-panel-root -->
    </div> <!-- wrapper -->
  </body>
</html>
