<?xml version="1.0" encoding="UTF-8"?>
<testng-results skipped="1" failed="1" ignored="0" total="3" passed="1">
  <reporter-output>
  </reporter-output>
  <suite name="Guru99Banking" duration-ms="572633" started-at="2021-04-25T06:06:53Z" finished-at="2021-04-25T06:16:26Z">
    <groups>
    </groups>
    <test name="C:/Users/GUDU/Downloads/InternetGuru99Bank" duration-ms="572633" started-at="2021-04-25T06:06:53Z" finished-at="2021-04-25T06:16:26Z">
      <class name="com.qa.test.DataDrivenTest">
        <test-method status="PASS" signature="browserSetup()[pri:0, instance:com.qa.test.DataDrivenTest@39f31e]" name="browserSetup" is-config="true" duration-ms="172835" started-at="2021-04-25T06:07:22Z" finished-at="2021-04-25T06:10:14Z">
          <reporter-output>
          </reporter-output>
        </test-method> <!-- browserSetup -->
        <test-method status="PASS" signature="testLogin(java.lang.String, java.lang.String)[pri:0, instance:com.qa.test.DataDrivenTest@39f31e]" name="testLogin" duration-ms="132237" started-at="2021-04-25T06:10:14Z" data-provider="testdata" finished-at="2021-04-25T06:12:27Z">
          <params>
            <param index="0">
              <value>
                <![CDATA[mngr321357]]>
              </value>
            </param>
            <param index="1">
              <value>
                <![CDATA[bYhYsuh]]>
              </value>
            </param>
          </params>
          <reporter-output>
          </reporter-output>
        </test-method> <!-- testLogin -->
        <test-method status="PASS" signature="closeBrowser()[pri:0, instance:com.qa.test.DataDrivenTest@39f31e]" name="closeBrowser" is-config="true" duration-ms="16" started-at="2021-04-25T06:12:27Z" finished-at="2021-04-25T06:12:27Z">
          <reporter-output>
          </reporter-output>
        </test-method> <!-- closeBrowser -->
        <test-method status="PASS" signature="browserSetup()[pri:0, instance:com.qa.test.DataDrivenTest@39f31e]" name="browserSetup" is-config="true" duration-ms="86054" started-at="2021-04-25T06:12:27Z" finished-at="2021-04-25T06:13:53Z">
          <reporter-output>
          </reporter-output>
        </test-method> <!-- browserSetup -->
        <test-method status="FAIL" signature="testLogin(java.lang.String, java.lang.String)[pri:0, instance:com.qa.test.DataDrivenTest@39f31e]" name="testLogin" duration-ms="77767" started-at="2021-04-25T06:13:53Z" data-provider="testdata" finished-at="2021-04-25T06:15:11Z">
          <params>
            <param index="0">
              <value>
                <![CDATA[mngr83460]]>
              </value>
            </param>
            <param index="1">
              <value>
                <![CDATA[qAbUzyj]]>
              </value>
            </param>
          </params>
          <exception class="java.lang.AssertionError">
            <message>
              <![CDATA[expected [true] but found [false]]]>
            </message>
            <full-stacktrace>
              <![CDATA[java.lang.AssertionError: expected [true] but found [false]
at org.testng.Assert.fail(Assert.java:96)
at org.testng.Assert.failNotEquals(Assert.java:776)
at org.testng.Assert.assertTrue(Assert.java:44)
at org.testng.Assert.assertTrue(Assert.java:54)
at com.qa.test.DataDrivenTest.testLogin(DataDrivenTest.java:53)
at sun.reflect.NativeMethodAccessorImpl.invoke0(Native Method)
at sun.reflect.NativeMethodAccessorImpl.invoke(NativeMethodAccessorImpl.java:62)
at sun.reflect.DelegatingMethodAccessorImpl.invoke(DelegatingMethodAccessorImpl.java:43)
at java.lang.reflect.Method.invoke(Method.java:498)
at org.testng.internal.MethodInvocationHelper.invokeMethod(MethodInvocationHelper.java:124)
at org.testng.internal.Invoker.invokeMethod(Invoker.java:583)
at org.testng.internal.Invoker.invokeTestMethod(Invoker.java:719)
at org.testng.internal.Invoker.invokeTestMethods(Invoker.java:989)
at org.testng.internal.TestMethodWorker.invokeTestMethods(TestMethodWorker.java:125)
at org.testng.internal.TestMethodWorker.run(TestMethodWorker.java:109)
at org.testng.TestRunner.privateRun(TestRunner.java:648)
at org.testng.TestRunner.run(TestRunner.java:505)
at org.testng.SuiteRunner.runTest(SuiteRunner.java:455)
at org.testng.SuiteRunner.runSequentially(SuiteRunner.java:450)
at org.testng.SuiteRunner.privateRun(SuiteRunner.java:415)
at org.testng.SuiteRunner.run(SuiteRunner.java:364)
at org.testng.SuiteRunnerWorker.runSuite(SuiteRunnerWorker.java:52)
at org.testng.SuiteRunnerWorker.run(SuiteRunnerWorker.java:84)
at org.testng.TestNG.runSuitesSequentially(TestNG.java:1208)
at org.testng.TestNG.runSuitesLocally(TestNG.java:1137)
at org.testng.TestNG.runSuites(TestNG.java:1049)
at org.testng.TestNG.run(TestNG.java:1017)
at org.apache.maven.surefire.testng.TestNGExecutor.run(TestNGExecutor.java:295)
at org.apache.maven.surefire.testng.TestNGXmlTestSuite.execute(TestNGXmlTestSuite.java:84)
at org.apache.maven.surefire.testng.TestNGProvider.invoke(TestNGProvider.java:90)
at org.apache.maven.surefire.booter.ForkedBooter.invokeProviderInSameClassLoader(ForkedBooter.java:203)
at org.apache.maven.surefire.booter.ForkedBooter.runSuitesInProcess(ForkedBooter.java:155)
at org.apache.maven.surefire.booter.ForkedBooter.main(ForkedBooter.java:103)
]]>
            </full-stacktrace>
          </exception> <!-- java.lang.AssertionError -->
          <reporter-output>
          </reporter-output>
        </test-method> <!-- testLogin -->
        <test-method status="PASS" signature="closeBrowser()[pri:0, instance:com.qa.test.DataDrivenTest@39f31e]" name="closeBrowser" is-config="true" duration-ms="31" started-at="2021-04-25T06:15:11Z" finished-at="2021-04-25T06:15:11Z">
          <reporter-output>
          </reporter-output>
        </test-method> <!-- closeBrowser -->
        <test-method status="FAIL" signature="browserSetup()[pri:0, instance:com.qa.test.DataDrivenTest@39f31e]" name="browserSetup" is-config="true" duration-ms="74741" started-at="2021-04-25T06:15:11Z" finished-at="2021-04-25T06:16:26Z">
          <exception class="org.openqa.selenium.WebDriverException">
            <message>
              <![CDATA[Failed to connect to binary FirefoxBinary(C:\Program Files\Mozilla Firefox\firefox.exe) on port 7055; process output follows: 
1619331349380addons.managerDEBUGApplication has been upgraded
1619331350332addons.managerDEBUGLoaded provider scope for resource://gre/modules/addons/XPIProvider.jsm: ["XPIProvider"]
1619331350336addons.managerDEBUGLoaded provider scope for resource://gre/modules/LightweightThemeManager.jsm: ["LightweightThemeManager"]
1619331350341addons.managerDEBUGLoaded provider scope for resource://gre/modules/addons/GMPProvider.jsm
1619331350344addons.managerDEBUGLoaded provider scope for resource://gre/modules/addons/PluginProvider.jsm
1619331350345addons.managerDEBUGStarting provider: XPIProvider
1619331350346addons.xpiDEBUGstartup
1619331350347addons.xpiINFOMapping fxdriver@googlecode.com to C:\Users\GUDU\AppData\Local\Temp\anonymous7095294554554933269webdriver-profile\extensions\fxdriver@googlecode.com
1619331350347addons.xpiDEBUGIgnoring file entry whose name is not a valid add-on ID: C:\Users\GUDU\AppData\Local\Temp\anonymous7095294554554933269webdriver-profile\extensions\webdriver-staging
1619331350348addons.xpiINFOSystemAddonInstallLocation directory is missing
1619331350351addons.xpiWARNIgnoring missing add-on in C:\Program Files\Internet Download Manager\idmmzcc2.xpi
1619331350352addons.xpiINFOMapping mozilla_cc@internetdownloadmanager.com to C:\Users\GUDU\AppData\Roaming\IDM\idmmzcc5
1619331350353addons.xpiINFOMapping {972ce4c6-7e08-4474-a285-3208198ce6fd} to C:\Program Files\Mozilla Firefox\browser\extensions\{972ce4c6-7e08-4474-a285-3208198ce6fd}
1619331350353addons.xpiDEBUGSkipping unavailable install location app-system-share
1619331350353addons.xpiDEBUGSkipping unavailable install location app-system-local
1619331350354addons.xpiDEBUGcheckForChanges
1619331350355addons.xpiDEBUGLoaded add-on state from prefs: {}
1619331350355addons.xpiDEBUGNew add-on fxdriver@googlecode.com in app-profile
1619331350356addons.xpiDEBUGgetModTime: Recursive scan of fxdriver@googlecode.com
1619331350364addons.xpiDEBUGNew add-on mozilla_cc@internetdownloadmanager.com in winreg-app-user
1619331350365addons.xpiDEBUGgetModTime: Recursive scan of mozilla_cc@internetdownloadmanager.com
1619331350378addons.xpiDEBUGNew add-on {972ce4c6-7e08-4474-a285-3208198ce6fd} in app-global
1619331350379addons.xpiDEBUGgetModTime: Recursive scan of {972ce4c6-7e08-4474-a285-3208198ce6fd}
1619331350381addons.xpiDEBUGgetInstallState changed: true, state: {"app-profile":{"fxdriver@googlecode.com":{"d":"C:\\Users\\GUDU\\AppData\\Local\\Temp\\anonymous7095294554554933269webdriver-profile\\extensions\\fxdriver@googlecode.com","st":1619331312487,"mt":1619331312471}},"winreg-app-user":{"mozilla_cc@internetdownloadmanager.com":{"d":"C:\\Users\\GUDU\\AppData\\Roaming\\IDM\\idmmzcc5","st":1558096344504,"mt":1558096344442}},"app-global":{"{972ce4c6-7e08-4474-a285-3208198ce6fd}":{"d":"C:\\Program Files\\Mozilla Firefox\\browser\\extensions\\{972ce4c6-7e08-4474-a285-3208198ce6fd}","st":1541159009233,"mt":1450322003000}}}
1619331350393addons.xpi-utilsDEBUGOpening XPI database C:\Users\GUDU\AppData\Local\Temp\anonymous7095294554554933269webdriver-profile\extensions.json
1619331350395addons.xpi-utilsDEBUGNew add-on fxdriver@googlecode.com installed in app-profile
*** Blocklist::_loadBlocklistFromFile: blocklist is disabled

Build info: version: '2.53.0', revision: '35ae25b1534ae328c771e0856c93e187490ca824', time: '2016-03-15 10:43:46'
System info: host: 'GUDU-PC', ip: '192.168.43.50', os.name: 'Windows 7', os.arch: 'x86', os.version: '6.1', java.version: '1.8.0_191'
Driver info: driver.version: FirefoxDriver]]>
            </message>
            <full-stacktrace>
              <![CDATA[org.openqa.selenium.WebDriverException: Failed to connect to binary FirefoxBinary(C:\Program Files\Mozilla Firefox\firefox.exe) on port 7055; process output follows: 
1619331349380addons.managerDEBUGApplication has been upgraded
1619331350332addons.managerDEBUGLoaded provider scope for resource://gre/modules/addons/XPIProvider.jsm: ["XPIProvider"]
1619331350336addons.managerDEBUGLoaded provider scope for resource://gre/modules/LightweightThemeManager.jsm: ["LightweightThemeManager"]
1619331350341addons.managerDEBUGLoaded provider scope for resource://gre/modules/addons/GMPProvider.jsm
1619331350344addons.managerDEBUGLoaded provider scope for resource://gre/modules/addons/PluginProvider.jsm
1619331350345addons.managerDEBUGStarting provider: XPIProvider
1619331350346addons.xpiDEBUGstartup
1619331350347addons.xpiINFOMapping fxdriver@googlecode.com to C:\Users\GUDU\AppData\Local\Temp\anonymous7095294554554933269webdriver-profile\extensions\fxdriver@googlecode.com
1619331350347addons.xpiDEBUGIgnoring file entry whose name is not a valid add-on ID: C:\Users\GUDU\AppData\Local\Temp\anonymous7095294554554933269webdriver-profile\extensions\webdriver-staging
1619331350348addons.xpiINFOSystemAddonInstallLocation directory is missing
1619331350351addons.xpiWARNIgnoring missing add-on in C:\Program Files\Internet Download Manager\idmmzcc2.xpi
1619331350352addons.xpiINFOMapping mozilla_cc@internetdownloadmanager.com to C:\Users\GUDU\AppData\Roaming\IDM\idmmzcc5
1619331350353addons.xpiINFOMapping {972ce4c6-7e08-4474-a285-3208198ce6fd} to C:\Program Files\Mozilla Firefox\browser\extensions\{972ce4c6-7e08-4474-a285-3208198ce6fd}
1619331350353addons.xpiDEBUGSkipping unavailable install location app-system-share
1619331350353addons.xpiDEBUGSkipping unavailable install location app-system-local
1619331350354addons.xpiDEBUGcheckForChanges
1619331350355addons.xpiDEBUGLoaded add-on state from prefs: {}
1619331350355addons.xpiDEBUGNew add-on fxdriver@googlecode.com in app-profile
1619331350356addons.xpiDEBUGgetModTime: Recursive scan of fxdriver@googlecode.com
1619331350364addons.xpiDEBUGNew add-on mozilla_cc@internetdownloadmanager.com in winreg-app-user
1619331350365addons.xpiDEBUGgetModTime: Recursive scan of mozilla_cc@internetdownloadmanager.com
1619331350378addons.xpiDEBUGNew add-on {972ce4c6-7e08-4474-a285-3208198ce6fd} in app-global
1619331350379addons.xpiDEBUGgetModTime: Recursive scan of {972ce4c6-7e08-4474-a285-3208198ce6fd}
1619331350381addons.xpiDEBUGgetInstallState changed: true, state: {"app-profile":{"fxdriver@googlecode.com":{"d":"C:\\Users\\GUDU\\AppData\\Local\\Temp\\anonymous7095294554554933269webdriver-profile\\extensions\\fxdriver@googlecode.com","st":1619331312487,"mt":1619331312471}},"winreg-app-user":{"mozilla_cc@internetdownloadmanager.com":{"d":"C:\\Users\\GUDU\\AppData\\Roaming\\IDM\\idmmzcc5","st":1558096344504,"mt":1558096344442}},"app-global":{"{972ce4c6-7e08-4474-a285-3208198ce6fd}":{"d":"C:\\Program Files\\Mozilla Firefox\\browser\\extensions\\{972ce4c6-7e08-4474-a285-3208198ce6fd}","st":1541159009233,"mt":1450322003000}}}
1619331350393addons.xpi-utilsDEBUGOpening XPI database C:\Users\GUDU\AppData\Local\Temp\anonymous7095294554554933269webdriver-profile\extensions.json
1619331350395addons.xpi-utilsDEBUGNew add-on fxdriver@googlecode.com installed in app-profile
*** Blocklist::_loadBlocklistFromFile: blocklist is disabled

Build info: version: '2.53.0', revision: '35ae25b1534ae328c771e0856c93e187490ca824', time: '2016-03-15 10:43:46'
System info: host: 'GUDU-PC', ip: '192.168.43.50', os.name: 'Windows 7', os.arch: 'x86', os.version: '6.1', java.version: '1.8.0_191'
Driver info: driver.version: FirefoxDriver
at org.openqa.selenium.firefox.internal.NewProfileExtensionConnection.start(NewProfileExtensionConnection.java:125)
at org.openqa.selenium.firefox.FirefoxDriver.startClient(FirefoxDriver.java:271)
at org.openqa.selenium.remote.RemoteWebDriver.<init>(RemoteWebDriver.java:119)
at org.openqa.selenium.firefox.FirefoxDriver.<init>(FirefoxDriver.java:216)
at org.openqa.selenium.firefox.FirefoxDriver.<init>(FirefoxDriver.java:211)
at org.openqa.selenium.firefox.FirefoxDriver.<init>(FirefoxDriver.java:207)
at org.openqa.selenium.firefox.FirefoxDriver.<init>(FirefoxDriver.java:120)
at com.qa.base.TestBase.initialization(TestBase.java:40)
at com.qa.test.DataDrivenTest.browserSetup(DataDrivenTest.java:33)
at sun.reflect.NativeMethodAccessorImpl.invoke0(Native Method)
at sun.reflect.NativeMethodAccessorImpl.invoke(NativeMethodAccessorImpl.java:62)
at sun.reflect.DelegatingMethodAccessorImpl.invoke(DelegatingMethodAccessorImpl.java:43)
at java.lang.reflect.Method.invoke(Method.java:498)
at org.testng.internal.MethodInvocationHelper.invokeMethod(MethodInvocationHelper.java:124)
at org.testng.internal.MethodInvocationHelper.invokeMethodConsideringTimeout(MethodInvocationHelper.java:59)
at org.testng.internal.Invoker.invokeConfigurationMethod(Invoker.java:458)
at org.testng.internal.Invoker.invokeConfigurations(Invoker.java:222)
at org.testng.internal.Invoker.invokeMethod(Invoker.java:523)
at org.testng.internal.Invoker.invokeTestMethod(Invoker.java:719)
at org.testng.internal.Invoker.invokeTestMethods(Invoker.java:989)
at org.testng.internal.TestMethodWorker.invokeTestMethods(TestMethodWorker.java:125)
at org.testng.internal.TestMethodWorker.run(TestMethodWorker.java:109)
at org.testng.TestRunner.privateRun(TestRunner.java:648)
at org.testng.TestRunner.run(TestRunner.java:505)
at org.testng.SuiteRunner.runTest(SuiteRunner.java:455)
at org.testng.SuiteRunner.runSequentially(SuiteRunner.java:450)
at org.testng.SuiteRunner.privateRun(SuiteRunner.java:415)
at org.testng.SuiteRunner.run(SuiteRunner.java:364)
at org.testng.SuiteRunnerWorker.runSuite(SuiteRunnerWorker.java:52)
at org.testng.SuiteRunnerWorker.run(SuiteRunnerWorker.java:84)
at org.testng.TestNG.runSuitesSequentially(TestNG.java:1208)
at org.testng.TestNG.runSuitesLocally(TestNG.java:1137)
at org.testng.TestNG.runSuites(TestNG.java:1049)
at org.testng.TestNG.run(TestNG.java:1017)
at org.apache.maven.surefire.testng.TestNGExecutor.run(TestNGExecutor.java:295)
at org.apache.maven.surefire.testng.TestNGXmlTestSuite.execute(TestNGXmlTestSuite.java:84)
at org.apache.maven.surefire.testng.TestNGProvider.invoke(TestNGProvider.java:90)
at org.apache.maven.surefire.booter.ForkedBooter.invokeProviderInSameClassLoader(ForkedBooter.java:203)
at org.apache.maven.surefire.booter.ForkedBooter.runSuitesInProcess(ForkedBooter.java:155)
at org.apache.maven.surefire.booter.ForkedBooter.main(ForkedBooter.java:103)
Caused by: org.openqa.selenium.firefox.NotConnectedException: Unable to connect to host 127.0.0.1 on port 7055 after 45000 ms. Firefox console output:
1619331349380addons.managerDEBUGApplication has been upgraded
1619331350332addons.managerDEBUGLoaded provider scope for resource://gre/modules/addons/XPIProvider.jsm: ["XPIProvider"]
1619331350336addons.managerDEBUGLoaded provider scope for resource://gre/modules/LightweightThemeManager.jsm: ["LightweightThemeManager"]
1619331350341addons.managerDEBUGLoaded provider scope for resource://gre/modules/addons/GMPProvider.jsm
1619331350344addons.managerDEBUGLoaded provider scope for resource://gre/modules/addons/PluginProvider.jsm
1619331350345addons.managerDEBUGStarting provider: XPIProvider
1619331350346addons.xpiDEBUGstartup
1619331350347addons.xpiINFOMapping fxdriver@googlecode.com to C:\Users\GUDU\AppData\Local\Temp\anonymous7095294554554933269webdriver-profile\extensions\fxdriver@googlecode.com
1619331350347addons.xpiDEBUGIgnoring file entry whose name is not a valid add-on ID: C:\Users\GUDU\AppData\Local\Temp\anonymous7095294554554933269webdriver-profile\extensions\webdriver-staging
1619331350348addons.xpiINFOSystemAddonInstallLocation directory is missing
1619331350351addons.xpiWARNIgnoring missing add-on in C:\Program Files\Internet Download Manager\idmmzcc2.xpi
1619331350352addons.xpiINFOMapping mozilla_cc@internetdownloadmanager.com to C:\Users\GUDU\AppData\Roaming\IDM\idmmzcc5
1619331350353addons.xpiINFOMapping {972ce4c6-7e08-4474-a285-3208198ce6fd} to C:\Program Files\Mozilla Firefox\browser\extensions\{972ce4c6-7e08-4474-a285-3208198ce6fd}
1619331350353addons.xpiDEBUGSkipping unavailable install location app-system-share
1619331350353addons.xpiDEBUGSkipping unavailable install location app-system-local
1619331350354addons.xpiDEBUGcheckForChanges
1619331350355addons.xpiDEBUGLoaded add-on state from prefs: {}
1619331350355addons.xpiDEBUGNew add-on fxdriver@googlecode.com in app-profile
1619331350356addons.xpiDEBUGgetModTime: Recursive scan of fxdriver@googlecode.com
1619331350364addons.xpiDEBUGNew add-on mozilla_cc@internetdownloadmanager.com in winreg-app-user
1619331350365addons.xpiDEBUGgetModTime: Recursive scan of mozilla_cc@internetdownloadmanager.com
1619331350378addons.xpiDEBUGNew add-on {972ce4c6-7e08-4474-a285-3208198ce6fd} in app-global
1619331350379addons.xpiDEBUGgetModTime: Recursive scan of {972ce4c6-7e08-4474-a285-3208198ce6fd}
1619331350381addons.xpiDEBUGgetInstallState changed: true, state: {"app-profile":{"fxdriver@googlecode.com":{"d":"C:\\Users\\GUDU\\AppData\\Local\\Temp\\anonymous7095294554554933269webdriver-profile\\extensions\\fxdriver@googlecode.com","st":1619331312487,"mt":1619331312471}},"winreg-app-user":{"mozilla_cc@internetdownloadmanager.com":{"d":"C:\\Users\\GUDU\\AppData\\Roaming\\IDM\\idmmzcc5","st":1558096344504,"mt":1558096344442}},"app-global":{"{972ce4c6-7e08-4474-a285-3208198ce6fd}":{"d":"C:\\Program Files\\Mozilla Firefox\\browser\\extensions\\{972ce4c6-7e08-4474-a285-3208198ce6fd}","st":1541159009233,"mt":1450322003000}}}
1619331350393addons.xpi-utilsDEBUGOpening XPI database C:\Users\GUDU\AppData\Local\Temp\anonymous7095294554554933269webdriver-profile\extensions.json
1619331350395addons.xpi-utilsDEBUGNew add-on fxdriver@googlecode.com installed in app-profile
*** Blocklist::_loadBlocklistFromFile: blocklist is disabled

at org.openqa.selenium.firefox.internal.NewProfileExtensionConnection.start(NewProfileExtensionConnection.java:113)
... 39 more
]]>
            </full-stacktrace>
          </exception> <!-- org.openqa.selenium.WebDriverException -->
          <reporter-output>
          </reporter-output>
        </test-method> <!-- browserSetup -->
        <test-method status="SKIP" signature="testLogin(java.lang.String, java.lang.String)[pri:0, instance:com.qa.test.DataDrivenTest@39f31e]" name="testLogin" duration-ms="0" started-at="2021-04-25T06:16:26Z" data-provider="testdata" finished-at="2021-04-25T06:16:26Z">
          <exception class="org.openqa.selenium.WebDriverException">
            <message>
              <![CDATA[Failed to connect to binary FirefoxBinary(C:\Program Files\Mozilla Firefox\firefox.exe) on port 7055; process output follows: 
1619331349380addons.managerDEBUGApplication has been upgraded
1619331350332addons.managerDEBUGLoaded provider scope for resource://gre/modules/addons/XPIProvider.jsm: ["XPIProvider"]
1619331350336addons.managerDEBUGLoaded provider scope for resource://gre/modules/LightweightThemeManager.jsm: ["LightweightThemeManager"]
1619331350341addons.managerDEBUGLoaded provider scope for resource://gre/modules/addons/GMPProvider.jsm
1619331350344addons.managerDEBUGLoaded provider scope for resource://gre/modules/addons/PluginProvider.jsm
1619331350345addons.managerDEBUGStarting provider: XPIProvider
1619331350346addons.xpiDEBUGstartup
1619331350347addons.xpiINFOMapping fxdriver@googlecode.com to C:\Users\GUDU\AppData\Local\Temp\anonymous7095294554554933269webdriver-profile\extensions\fxdriver@googlecode.com
1619331350347addons.xpiDEBUGIgnoring file entry whose name is not a valid add-on ID: C:\Users\GUDU\AppData\Local\Temp\anonymous7095294554554933269webdriver-profile\extensions\webdriver-staging
1619331350348addons.xpiINFOSystemAddonInstallLocation directory is missing
1619331350351addons.xpiWARNIgnoring missing add-on in C:\Program Files\Internet Download Manager\idmmzcc2.xpi
1619331350352addons.xpiINFOMapping mozilla_cc@internetdownloadmanager.com to C:\Users\GUDU\AppData\Roaming\IDM\idmmzcc5
1619331350353addons.xpiINFOMapping {972ce4c6-7e08-4474-a285-3208198ce6fd} to C:\Program Files\Mozilla Firefox\browser\extensions\{972ce4c6-7e08-4474-a285-3208198ce6fd}
1619331350353addons.xpiDEBUGSkipping unavailable install location app-system-share
1619331350353addons.xpiDEBUGSkipping unavailable install location app-system-local
1619331350354addons.xpiDEBUGcheckForChanges
1619331350355addons.xpiDEBUGLoaded add-on state from prefs: {}
1619331350355addons.xpiDEBUGNew add-on fxdriver@googlecode.com in app-profile
1619331350356addons.xpiDEBUGgetModTime: Recursive scan of fxdriver@googlecode.com
1619331350364addons.xpiDEBUGNew add-on mozilla_cc@internetdownloadmanager.com in winreg-app-user
1619331350365addons.xpiDEBUGgetModTime: Recursive scan of mozilla_cc@internetdownloadmanager.com
1619331350378addons.xpiDEBUGNew add-on {972ce4c6-7e08-4474-a285-3208198ce6fd} in app-global
1619331350379addons.xpiDEBUGgetModTime: Recursive scan of {972ce4c6-7e08-4474-a285-3208198ce6fd}
1619331350381addons.xpiDEBUGgetInstallState changed: true, state: {"app-profile":{"fxdriver@googlecode.com":{"d":"C:\\Users\\GUDU\\AppData\\Local\\Temp\\anonymous7095294554554933269webdriver-profile\\extensions\\fxdriver@googlecode.com","st":1619331312487,"mt":1619331312471}},"winreg-app-user":{"mozilla_cc@internetdownloadmanager.com":{"d":"C:\\Users\\GUDU\\AppData\\Roaming\\IDM\\idmmzcc5","st":1558096344504,"mt":1558096344442}},"app-global":{"{972ce4c6-7e08-4474-a285-3208198ce6fd}":{"d":"C:\\Program Files\\Mozilla Firefox\\browser\\extensions\\{972ce4c6-7e08-4474-a285-3208198ce6fd}","st":1541159009233,"mt":1450322003000}}}
1619331350393addons.xpi-utilsDEBUGOpening XPI database C:\Users\GUDU\AppData\Local\Temp\anonymous7095294554554933269webdriver-profile\extensions.json
1619331350395addons.xpi-utilsDEBUGNew add-on fxdriver@googlecode.com installed in app-profile
*** Blocklist::_loadBlocklistFromFile: blocklist is disabled

Build info: version: '2.53.0', revision: '35ae25b1534ae328c771e0856c93e187490ca824', time: '2016-03-15 10:43:46'
System info: host: 'GUDU-PC', ip: '192.168.43.50', os.name: 'Windows 7', os.arch: 'x86', os.version: '6.1', java.version: '1.8.0_191'
Driver info: driver.version: FirefoxDriver]]>
            </message>
            <full-stacktrace>
              <![CDATA[org.openqa.selenium.WebDriverException: Failed to connect to binary FirefoxBinary(C:\Program Files\Mozilla Firefox\firefox.exe) on port 7055; process output follows: 
1619331349380addons.managerDEBUGApplication has been upgraded
1619331350332addons.managerDEBUGLoaded provider scope for resource://gre/modules/addons/XPIProvider.jsm: ["XPIProvider"]
1619331350336addons.managerDEBUGLoaded provider scope for resource://gre/modules/LightweightThemeManager.jsm: ["LightweightThemeManager"]
1619331350341addons.managerDEBUGLoaded provider scope for resource://gre/modules/addons/GMPProvider.jsm
1619331350344addons.managerDEBUGLoaded provider scope for resource://gre/modules/addons/PluginProvider.jsm
1619331350345addons.managerDEBUGStarting provider: XPIProvider
1619331350346addons.xpiDEBUGstartup
1619331350347addons.xpiINFOMapping fxdriver@googlecode.com to C:\Users\GUDU\AppData\Local\Temp\anonymous7095294554554933269webdriver-profile\extensions\fxdriver@googlecode.com
1619331350347addons.xpiDEBUGIgnoring file entry whose name is not a valid add-on ID: C:\Users\GUDU\AppData\Local\Temp\anonymous7095294554554933269webdriver-profile\extensions\webdriver-staging
1619331350348addons.xpiINFOSystemAddonInstallLocation directory is missing
1619331350351addons.xpiWARNIgnoring missing add-on in C:\Program Files\Internet Download Manager\idmmzcc2.xpi
1619331350352addons.xpiINFOMapping mozilla_cc@internetdownloadmanager.com to C:\Users\GUDU\AppData\Roaming\IDM\idmmzcc5
1619331350353addons.xpiINFOMapping {972ce4c6-7e08-4474-a285-3208198ce6fd} to C:\Program Files\Mozilla Firefox\browser\extensions\{972ce4c6-7e08-4474-a285-3208198ce6fd}
1619331350353addons.xpiDEBUGSkipping unavailable install location app-system-share
1619331350353addons.xpiDEBUGSkipping unavailable install location app-system-local
1619331350354addons.xpiDEBUGcheckForChanges
1619331350355addons.xpiDEBUGLoaded add-on state from prefs: {}
1619331350355addons.xpiDEBUGNew add-on fxdriver@googlecode.com in app-profile
1619331350356addons.xpiDEBUGgetModTime: Recursive scan of fxdriver@googlecode.com
1619331350364addons.xpiDEBUGNew add-on mozilla_cc@internetdownloadmanager.com in winreg-app-user
1619331350365addons.xpiDEBUGgetModTime: Recursive scan of mozilla_cc@internetdownloadmanager.com
1619331350378addons.xpiDEBUGNew add-on {972ce4c6-7e08-4474-a285-3208198ce6fd} in app-global
1619331350379addons.xpiDEBUGgetModTime: Recursive scan of {972ce4c6-7e08-4474-a285-3208198ce6fd}
1619331350381addons.xpiDEBUGgetInstallState changed: true, state: {"app-profile":{"fxdriver@googlecode.com":{"d":"C:\\Users\\GUDU\\AppData\\Local\\Temp\\anonymous7095294554554933269webdriver-profile\\extensions\\fxdriver@googlecode.com","st":1619331312487,"mt":1619331312471}},"winreg-app-user":{"mozilla_cc@internetdownloadmanager.com":{"d":"C:\\Users\\GUDU\\AppData\\Roaming\\IDM\\idmmzcc5","st":1558096344504,"mt":1558096344442}},"app-global":{"{972ce4c6-7e08-4474-a285-3208198ce6fd}":{"d":"C:\\Program Files\\Mozilla Firefox\\browser\\extensions\\{972ce4c6-7e08-4474-a285-3208198ce6fd}","st":1541159009233,"mt":1450322003000}}}
1619331350393addons.xpi-utilsDEBUGOpening XPI database C:\Users\GUDU\AppData\Local\Temp\anonymous7095294554554933269webdriver-profile\extensions.json
1619331350395addons.xpi-utilsDEBUGNew add-on fxdriver@googlecode.com installed in app-profile
*** Blocklist::_loadBlocklistFromFile: blocklist is disabled

Build info: version: '2.53.0', revision: '35ae25b1534ae328c771e0856c93e187490ca824', time: '2016-03-15 10:43:46'
System info: host: 'GUDU-PC', ip: '192.168.43.50', os.name: 'Windows 7', os.arch: 'x86', os.version: '6.1', java.version: '1.8.0_191'
Driver info: driver.version: FirefoxDriver
at org.openqa.selenium.firefox.internal.NewProfileExtensionConnection.start(NewProfileExtensionConnection.java:125)
at org.openqa.selenium.firefox.FirefoxDriver.startClient(FirefoxDriver.java:271)
at org.openqa.selenium.remote.RemoteWebDriver.<init>(RemoteWebDriver.java:119)
at org.openqa.selenium.firefox.FirefoxDriver.<init>(FirefoxDriver.java:216)
at org.openqa.selenium.firefox.FirefoxDriver.<init>(FirefoxDriver.java:211)
at org.openqa.selenium.firefox.FirefoxDriver.<init>(FirefoxDriver.java:207)
at org.openqa.selenium.firefox.FirefoxDriver.<init>(FirefoxDriver.java:120)
at com.qa.base.TestBase.initialization(TestBase.java:40)
at com.qa.test.DataDrivenTest.browserSetup(DataDrivenTest.java:33)
at sun.reflect.NativeMethodAccessorImpl.invoke0(Native Method)
at sun.reflect.NativeMethodAccessorImpl.invoke(NativeMethodAccessorImpl.java:62)
at sun.reflect.DelegatingMethodAccessorImpl.invoke(DelegatingMethodAccessorImpl.java:43)
at java.lang.reflect.Method.invoke(Method.java:498)
at org.testng.internal.MethodInvocationHelper.invokeMethod(MethodInvocationHelper.java:124)
at org.testng.internal.MethodInvocationHelper.invokeMethodConsideringTimeout(MethodInvocationHelper.java:59)
at org.testng.internal.Invoker.invokeConfigurationMethod(Invoker.java:458)
at org.testng.internal.Invoker.invokeConfigurations(Invoker.java:222)
at org.testng.internal.Invoker.invokeMethod(Invoker.java:523)
at org.testng.internal.Invoker.invokeTestMethod(Invoker.java:719)
at org.testng.internal.Invoker.invokeTestMethods(Invoker.java:989)
at org.testng.internal.TestMethodWorker.invokeTestMethods(TestMethodWorker.java:125)
at org.testng.internal.TestMethodWorker.run(TestMethodWorker.java:109)
at org.testng.TestRunner.privateRun(TestRunner.java:648)
at org.testng.TestRunner.run(TestRunner.java:505)
at org.testng.SuiteRunner.runTest(SuiteRunner.java:455)
at org.testng.SuiteRunner.runSequentially(SuiteRunner.java:450)
at org.testng.SuiteRunner.privateRun(SuiteRunner.java:415)
at org.testng.SuiteRunner.run(SuiteRunner.java:364)
at org.testng.SuiteRunnerWorker.runSuite(SuiteRunnerWorker.java:52)
at org.testng.SuiteRunnerWorker.run(SuiteRunnerWorker.java:84)
at org.testng.TestNG.runSuitesSequentially(TestNG.java:1208)
at org.testng.TestNG.runSuitesLocally(TestNG.java:1137)
at org.testng.TestNG.runSuites(TestNG.java:1049)
at org.testng.TestNG.run(TestNG.java:1017)
at org.apache.maven.surefire.testng.TestNGExecutor.run(TestNGExecutor.java:295)
at org.apache.maven.surefire.testng.TestNGXmlTestSuite.execute(TestNGXmlTestSuite.java:84)
at org.apache.maven.surefire.testng.TestNGProvider.invoke(TestNGProvider.java:90)
at org.apache.maven.surefire.booter.ForkedBooter.invokeProviderInSameClassLoader(ForkedBooter.java:203)
at org.apache.maven.surefire.booter.ForkedBooter.runSuitesInProcess(ForkedBooter.java:155)
at org.apache.maven.surefire.booter.ForkedBooter.main(ForkedBooter.java:103)
Caused by: org.openqa.selenium.firefox.NotConnectedException: Unable to connect to host 127.0.0.1 on port 7055 after 45000 ms. Firefox console output:
1619331349380addons.managerDEBUGApplication has been upgraded
1619331350332addons.managerDEBUGLoaded provider scope for resource://gre/modules/addons/XPIProvider.jsm: ["XPIProvider"]
1619331350336addons.managerDEBUGLoaded provider scope for resource://gre/modules/LightweightThemeManager.jsm: ["LightweightThemeManager"]
1619331350341addons.managerDEBUGLoaded provider scope for resource://gre/modules/addons/GMPProvider.jsm
1619331350344addons.managerDEBUGLoaded provider scope for resource://gre/modules/addons/PluginProvider.jsm
1619331350345addons.managerDEBUGStarting provider: XPIProvider
1619331350346addons.xpiDEBUGstartup
1619331350347addons.xpiINFOMapping fxdriver@googlecode.com to C:\Users\GUDU\AppData\Local\Temp\anonymous7095294554554933269webdriver-profile\extensions\fxdriver@googlecode.com
1619331350347addons.xpiDEBUGIgnoring file entry whose name is not a valid add-on ID: C:\Users\GUDU\AppData\Local\Temp\anonymous7095294554554933269webdriver-profile\extensions\webdriver-staging
1619331350348addons.xpiINFOSystemAddonInstallLocation directory is missing
1619331350351addons.xpiWARNIgnoring missing add-on in C:\Program Files\Internet Download Manager\idmmzcc2.xpi
1619331350352addons.xpiINFOMapping mozilla_cc@internetdownloadmanager.com to C:\Users\GUDU\AppData\Roaming\IDM\idmmzcc5
1619331350353addons.xpiINFOMapping {972ce4c6-7e08-4474-a285-3208198ce6fd} to C:\Program Files\Mozilla Firefox\browser\extensions\{972ce4c6-7e08-4474-a285-3208198ce6fd}
1619331350353addons.xpiDEBUGSkipping unavailable install location app-system-share
1619331350353addons.xpiDEBUGSkipping unavailable install location app-system-local
1619331350354addons.xpiDEBUGcheckForChanges
1619331350355addons.xpiDEBUGLoaded add-on state from prefs: {}
1619331350355addons.xpiDEBUGNew add-on fxdriver@googlecode.com in app-profile
1619331350356addons.xpiDEBUGgetModTime: Recursive scan of fxdriver@googlecode.com
1619331350364addons.xpiDEBUGNew add-on mozilla_cc@internetdownloadmanager.com in winreg-app-user
1619331350365addons.xpiDEBUGgetModTime: Recursive scan of mozilla_cc@internetdownloadmanager.com
1619331350378addons.xpiDEBUGNew add-on {972ce4c6-7e08-4474-a285-3208198ce6fd} in app-global
1619331350379addons.xpiDEBUGgetModTime: Recursive scan of {972ce4c6-7e08-4474-a285-3208198ce6fd}
1619331350381addons.xpiDEBUGgetInstallState changed: true, state: {"app-profile":{"fxdriver@googlecode.com":{"d":"C:\\Users\\GUDU\\AppData\\Local\\Temp\\anonymous7095294554554933269webdriver-profile\\extensions\\fxdriver@googlecode.com","st":1619331312487,"mt":1619331312471}},"winreg-app-user":{"mozilla_cc@internetdownloadmanager.com":{"d":"C:\\Users\\GUDU\\AppData\\Roaming\\IDM\\idmmzcc5","st":1558096344504,"mt":1558096344442}},"app-global":{"{972ce4c6-7e08-4474-a285-3208198ce6fd}":{"d":"C:\\Program Files\\Mozilla Firefox\\browser\\extensions\\{972ce4c6-7e08-4474-a285-3208198ce6fd}","st":1541159009233,"mt":1450322003000}}}
1619331350393addons.xpi-utilsDEBUGOpening XPI database C:\Users\GUDU\AppData\Local\Temp\anonymous7095294554554933269webdriver-profile\extensions.json
1619331350395addons.xpi-utilsDEBUGNew add-on fxdriver@googlecode.com installed in app-profile
*** Blocklist::_loadBlocklistFromFile: blocklist is disabled

at org.openqa.selenium.firefox.internal.NewProfileExtensionConnection.start(NewProfileExtensionConnection.java:113)
... 39 more
]]>
            </full-stacktrace>
          </exception> <!-- org.openqa.selenium.WebDriverException -->
          <reporter-output>
          </reporter-output>
        </test-method> <!-- testLogin -->
        <test-method status="SKIP" signature="closeBrowser()[pri:0, instance:com.qa.test.DataDrivenTest@39f31e]" name="closeBrowser" is-config="true" duration-ms="0" started-at="2021-04-25T06:16:26Z" finished-at="2021-04-25T06:16:26Z">
          <reporter-output>
          </reporter-output>
        </test-method> <!-- closeBrowser -->
      </class> <!-- com.qa.test.DataDrivenTest -->
    </test> <!-- C:/Users/GUDU/Downloads/InternetGuru99Bank -->
  </suite> <!-- Guru99Banking -->
</testng-results>
