<?xml version="1.0" encoding="UTF-8"?>
<!-- Generated by org.testng.reporters.JUnitReportReporter -->
<testsuite skipped="1" hostname="GUDU-PC" name="com.qa.test.DataDrivenTest" tests="4" failures="1" timestamp="25 Apr 2021 06:16:33 GMT" time="543.681" errors="1">
  <testcase name="testLogin" time="172.851" classname="com.qa.test.DataDrivenTest">
    <skipped/>
  </testcase> <!-- testLogin -->
  <testcase name="browserSetup" time="160.826" classname="com.qa.test.DataDrivenTest">
    <error type="org.openqa.selenium.WebDriverException" message="Failed to connect to binary FirefoxBinary(C:\Program Files\Mozilla Firefox\firefox.exe) on port 7055; process output follows: 
1619331349380	addons.manager	DEBUG	Application has been upgraded
1619331350332	addons.manager	DEBUG	Loaded provider scope for resource://gre/modules/addons/XPIProvider.jsm: [&quot;XPIProvider&quot;]
1619331350336	addons.manager	DEBUG	Loaded provider scope for resource://gre/modules/LightweightThemeManager.jsm: [&quot;LightweightThemeManager&quot;]
1619331350341	addons.manager	DEBUG	Loaded provider scope for resource://gre/modules/addons/GMPProvider.jsm
1619331350344	addons.manager	DEBUG	Loaded provider scope for resource://gre/modules/addons/PluginProvider.jsm
1619331350345	addons.manager	DEBUG	Starting provider: XPIProvider
1619331350346	addons.xpi	DEBUG	startup
1619331350347	addons.xpi	INFO	Mapping fxdriver@googlecode.com to C:\Users\GUDU\AppData\Local\Temp\anonymous7095294554554933269webdriver-profile\extensions\fxdriver@googlecode.com
1619331350347	addons.xpi	DEBUG	Ignoring file entry whose name is not a valid add-on ID: C:\Users\GUDU\AppData\Local\Temp\anonymous7095294554554933269webdriver-profile\extensions\webdriver-staging
1619331350348	addons.xpi	INFO	SystemAddonInstallLocation directory is missing
1619331350351	addons.xpi	WARN	Ignoring missing add-on in C:\Program Files\Internet Download Manager\idmmzcc2.xpi
1619331350352	addons.xpi	INFO	Mapping mozilla_cc@internetdownloadmanager.com to C:\Users\GUDU\AppData\Roaming\IDM\idmmzcc5
1619331350353	addons.xpi	INFO	Mapping {972ce4c6-7e08-4474-a285-3208198ce6fd} to C:\Program Files\Mozilla Firefox\browser\extensions\{972ce4c6-7e08-4474-a285-3208198ce6fd}
1619331350353	addons.xpi	DEBUG	Skipping unavailable install location app-system-share
1619331350353	addons.xpi	DEBUG	Skipping unavailable install location app-system-local
1619331350354	addons.xpi	DEBUG	checkForChanges
1619331350355	addons.xpi	DEBUG	Loaded add-on state from prefs: {}
1619331350355	addons.xpi	DEBUG	New add-on fxdriver@googlecode.com in app-profile
1619331350356	addons.xpi	DEBUG	getModTime: Recursive scan of fxdriver@googlecode.com
1619331350364	addons.xpi	DEBUG	New add-on mozilla_cc@internetdownloadmanager.com in winreg-app-user
1619331350365	addons.xpi	DEBUG	getModTime: Recursive scan of mozilla_cc@internetdownloadmanager.com
1619331350378	addons.xpi	DEBUG	New add-on {972ce4c6-7e08-4474-a285-3208198ce6fd} in app-global
1619331350379	addons.xpi	DEBUG	getModTime: Recursive scan of {972ce4c6-7e08-4474-a285-3208198ce6fd}
1619331350381	addons.xpi	DEBUG	getInstallState changed: true, state: {&quot;app-profile&quot;:{&quot;fxdriver@googlecode.com&quot;:{&quot;d&quot;:&quot;C:\\Users\\GUDU\\AppData\\Local\\Temp\\anonymous7095294554554933269webdriver-profile\\extensions\\fxdriver@googlecode.com&quot;,&quot;st&quot;:1619331312487,&quot;mt&quot;:1619331312471}},&quot;winreg-app-user&quot;:{&quot;mozilla_cc@internetdownloadmanager.com&quot;:{&quot;d&quot;:&quot;C:\\Users\\GUDU\\AppData\\Roaming\\IDM\\idmmzcc5&quot;,&quot;st&quot;:1558096344504,&quot;mt&quot;:1558096344442}},&quot;app-global&quot;:{&quot;{972ce4c6-7e08-4474-a285-3208198ce6fd}&quot;:{&quot;d&quot;:&quot;C:\\Program Files\\Mozilla Firefox\\browser\\extensions\\{972ce4c6-7e08-4474-a285-3208198ce6fd}&quot;,&quot;st&quot;:1541159009233,&quot;mt&quot;:1450322003000}}}
1619331350393	addons.xpi-utils	DEBUG	Opening XPI database C:\Users\GUDU\AppData\Local\Temp\anonymous7095294554554933269webdriver-profile\extensions.json
1619331350395	addons.xpi-utils	DEBUG	New add-on fxdriver@googlecode.com installed in app-profile
*** Blocklist::_loadBlocklistFromFile: blocklist is disabled

Build info: version: &#039;2.53.0&#039;, revision: &#039;35ae25b1534ae328c771e0856c93e187490ca824&#039;, time: &#039;2016-03-15 10:43:46&#039;
System info: host: &#039;GUDU-PC&#039;, ip: &#039;192.168.43.50&#039;, os.name: &#039;Windows 7&#039;, os.arch: &#039;x86&#039;, os.version: &#039;6.1&#039;, java.version: &#039;1.8.0_191&#039;
Driver info: driver.version: FirefoxDriver">
      <![CDATA[org.openqa.selenium.WebDriverException: Failed to connect to binary FirefoxBinary(C:\Program Files\Mozilla Firefox\firefox.exe) on port 7055; process output follows: 
1619331349380addons.managerDEBUGApplication has been upgraded
1619331350332addons.managerDEBUGLoaded provider scope for resource://gre/modules/addons/XPIProvider.jsm: ["XPIProvider"]
1619331350336addons.managerDEBUGLoaded provider scope for resource://gre/modules/LightweightThemeManager.jsm: ["LightweightThemeManager"]
1619331350341addons.managerDEBUGLoaded provider scope for resource://gre/modules/addons/GMPProvider.jsm
1619331350344addons.managerDEBUGLoaded provider scope for resource://gre/modules/addons/PluginProvider.jsm
1619331350345addons.managerDEBUGStarting provider: XPIProvider
1619331350346addons.xpiDEBUGstartup
1619331350347addons.xpiINFOMapping fxdriver@googlecode.com to C:\Users\GUDU\AppData\Local\Temp\anonymous7095294554554933269webdriver-profile\extensions\fxdriver@googlecode.com
1619331350347addons.xpiDEBUGIgnoring file entry whose name is not a valid add-on ID: C:\Users\GUDU\AppData\Local\Temp\anonymous7095294554554933269webdriver-profile\extensions\webdriver-staging
1619331350348addons.xpiINFOSystemAddonInstallLocation directory is missing
1619331350351addons.xpiWARNIgnoring missing add-on in C:\Program Files\Internet Download Manager\idmmzcc2.xpi
1619331350352addons.xpiINFOMapping mozilla_cc@internetdownloadmanager.com to C:\Users\GUDU\AppData\Roaming\IDM\idmmzcc5
1619331350353addons.xpiINFOMapping {972ce4c6-7e08-4474-a285-3208198ce6fd} to C:\Program Files\Mozilla Firefox\browser\extensions\{972ce4c6-7e08-4474-a285-3208198ce6fd}
1619331350353addons.xpiDEBUGSkipping unavailable install location app-system-share
1619331350353addons.xpiDEBUGSkipping unavailable install location app-system-local
1619331350354addons.xpiDEBUGcheckForChanges
1619331350355addons.xpiDEBUGLoaded add-on state from prefs: {}
1619331350355addons.xpiDEBUGNew add-on fxdriver@googlecode.com in app-profile
1619331350356addons.xpiDEBUGgetModTime: Recursive scan of fxdriver@googlecode.com
1619331350364addons.xpiDEBUGNew add-on mozilla_cc@internetdownloadmanager.com in winreg-app-user
1619331350365addons.xpiDEBUGgetModTime: Recursive scan of mozilla_cc@internetdownloadmanager.com
1619331350378addons.xpiDEBUGNew add-on {972ce4c6-7e08-4474-a285-3208198ce6fd} in app-global
1619331350379addons.xpiDEBUGgetModTime: Recursive scan of {972ce4c6-7e08-4474-a285-3208198ce6fd}
1619331350381addons.xpiDEBUGgetInstallState changed: true, state: {"app-profile":{"fxdriver@googlecode.com":{"d":"C:\\Users\\GUDU\\AppData\\Local\\Temp\\anonymous7095294554554933269webdriver-profile\\extensions\\fxdriver@googlecode.com","st":1619331312487,"mt":1619331312471}},"winreg-app-user":{"mozilla_cc@internetdownloadmanager.com":{"d":"C:\\Users\\GUDU\\AppData\\Roaming\\IDM\\idmmzcc5","st":1558096344504,"mt":1558096344442}},"app-global":{"{972ce4c6-7e08-4474-a285-3208198ce6fd}":{"d":"C:\\Program Files\\Mozilla Firefox\\browser\\extensions\\{972ce4c6-7e08-4474-a285-3208198ce6fd}","st":1541159009233,"mt":1450322003000}}}
1619331350393addons.xpi-utilsDEBUGOpening XPI database C:\Users\GUDU\AppData\Local\Temp\anonymous7095294554554933269webdriver-profile\extensions.json
1619331350395addons.xpi-utilsDEBUGNew add-on fxdriver@googlecode.com installed in app-profile
*** Blocklist::_loadBlocklistFromFile: blocklist is disabled

Build info: version: '2.53.0', revision: '35ae25b1534ae328c771e0856c93e187490ca824', time: '2016-03-15 10:43:46'
System info: host: 'GUDU-PC', ip: '192.168.43.50', os.name: 'Windows 7', os.arch: 'x86', os.version: '6.1', java.version: '1.8.0_191'
Driver info: driver.version: FirefoxDriver
at org.openqa.selenium.firefox.internal.NewProfileExtensionConnection.start(NewProfileExtensionConnection.java:125)
at org.openqa.selenium.firefox.FirefoxDriver.startClient(FirefoxDriver.java:271)
at org.openqa.selenium.remote.RemoteWebDriver.<init>(RemoteWebDriver.java:119)
at org.openqa.selenium.firefox.FirefoxDriver.<init>(FirefoxDriver.java:216)
at org.openqa.selenium.firefox.FirefoxDriver.<init>(FirefoxDriver.java:211)
at org.openqa.selenium.firefox.FirefoxDriver.<init>(FirefoxDriver.java:207)
at org.openqa.selenium.firefox.FirefoxDriver.<init>(FirefoxDriver.java:120)
at com.qa.base.TestBase.initialization(TestBase.java:40)
at com.qa.test.DataDrivenTest.browserSetup(DataDrivenTest.java:33)
at sun.reflect.NativeMethodAccessorImpl.invoke0(Native Method)
at sun.reflect.NativeMethodAccessorImpl.invoke(NativeMethodAccessorImpl.java:62)
at sun.reflect.DelegatingMethodAccessorImpl.invoke(DelegatingMethodAccessorImpl.java:43)
at java.lang.reflect.Method.invoke(Method.java:498)
at org.testng.internal.MethodInvocationHelper.invokeMethod(MethodInvocationHelper.java:124)
at org.testng.internal.MethodInvocationHelper.invokeMethodConsideringTimeout(MethodInvocationHelper.java:59)
at org.testng.internal.Invoker.invokeConfigurationMethod(Invoker.java:458)
at org.testng.internal.Invoker.invokeConfigurations(Invoker.java:222)
at org.testng.internal.Invoker.invokeMethod(Invoker.java:523)
at org.testng.internal.Invoker.invokeTestMethod(Invoker.java:719)
at org.testng.internal.Invoker.invokeTestMethods(Invoker.java:989)
at org.testng.internal.TestMethodWorker.invokeTestMethods(TestMethodWorker.java:125)
at org.testng.internal.TestMethodWorker.run(TestMethodWorker.java:109)
at org.testng.TestRunner.privateRun(TestRunner.java:648)
at org.testng.TestRunner.run(TestRunner.java:505)
at org.testng.SuiteRunner.runTest(SuiteRunner.java:455)
at org.testng.SuiteRunner.runSequentially(SuiteRunner.java:450)
at org.testng.SuiteRunner.privateRun(SuiteRunner.java:415)
at org.testng.SuiteRunner.run(SuiteRunner.java:364)
at org.testng.SuiteRunnerWorker.runSuite(SuiteRunnerWorker.java:52)
at org.testng.SuiteRunnerWorker.run(SuiteRunnerWorker.java:84)
at org.testng.TestNG.runSuitesSequentially(TestNG.java:1208)
at org.testng.TestNG.runSuitesLocally(TestNG.java:1137)
at org.testng.TestNG.runSuites(TestNG.java:1049)
at org.testng.TestNG.run(TestNG.java:1017)
at org.apache.maven.surefire.testng.TestNGExecutor.run(TestNGExecutor.java:295)
at org.apache.maven.surefire.testng.TestNGXmlTestSuite.execute(TestNGXmlTestSuite.java:84)
at org.apache.maven.surefire.testng.TestNGProvider.invoke(TestNGProvider.java:90)
at org.apache.maven.surefire.booter.ForkedBooter.invokeProviderInSameClassLoader(ForkedBooter.java:203)
at org.apache.maven.surefire.booter.ForkedBooter.runSuitesInProcess(ForkedBooter.java:155)
at org.apache.maven.surefire.booter.ForkedBooter.main(ForkedBooter.java:103)
Caused by: org.openqa.selenium.firefox.NotConnectedException: Unable to connect to host 127.0.0.1 on port 7055 after 45000 ms. Firefox console output:
1619331349380addons.managerDEBUGApplication has been upgraded
1619331350332addons.managerDEBUGLoaded provider scope for resource://gre/modules/addons/XPIProvider.jsm: ["XPIProvider"]
1619331350336addons.managerDEBUGLoaded provider scope for resource://gre/modules/LightweightThemeManager.jsm: ["LightweightThemeManager"]
1619331350341addons.managerDEBUGLoaded provider scope for resource://gre/modules/addons/GMPProvider.jsm
1619331350344addons.managerDEBUGLoaded provider scope for resource://gre/modules/addons/PluginProvider.jsm
1619331350345addons.managerDEBUGStarting provider: XPIProvider
1619331350346addons.xpiDEBUGstartup
1619331350347addons.xpiINFOMapping fxdriver@googlecode.com to C:\Users\GUDU\AppData\Local\Temp\anonymous7095294554554933269webdriver-profile\extensions\fxdriver@googlecode.com
1619331350347addons.xpiDEBUGIgnoring file entry whose name is not a valid add-on ID: C:\Users\GUDU\AppData\Local\Temp\anonymous7095294554554933269webdriver-profile\extensions\webdriver-staging
1619331350348addons.xpiINFOSystemAddonInstallLocation directory is missing
1619331350351addons.xpiWARNIgnoring missing add-on in C:\Program Files\Internet Download Manager\idmmzcc2.xpi
1619331350352addons.xpiINFOMapping mozilla_cc@internetdownloadmanager.com to C:\Users\GUDU\AppData\Roaming\IDM\idmmzcc5
1619331350353addons.xpiINFOMapping {972ce4c6-7e08-4474-a285-3208198ce6fd} to C:\Program Files\Mozilla Firefox\browser\extensions\{972ce4c6-7e08-4474-a285-3208198ce6fd}
1619331350353addons.xpiDEBUGSkipping unavailable install location app-system-share
1619331350353addons.xpiDEBUGSkipping unavailable install location app-system-local
1619331350354addons.xpiDEBUGcheckForChanges
1619331350355addons.xpiDEBUGLoaded add-on state from prefs: {}
1619331350355addons.xpiDEBUGNew add-on fxdriver@googlecode.com in app-profile
1619331350356addons.xpiDEBUGgetModTime: Recursive scan of fxdriver@googlecode.com
1619331350364addons.xpiDEBUGNew add-on mozilla_cc@internetdownloadmanager.com in winreg-app-user
1619331350365addons.xpiDEBUGgetModTime: Recursive scan of mozilla_cc@internetdownloadmanager.com
1619331350378addons.xpiDEBUGNew add-on {972ce4c6-7e08-4474-a285-3208198ce6fd} in app-global
1619331350379addons.xpiDEBUGgetModTime: Recursive scan of {972ce4c6-7e08-4474-a285-3208198ce6fd}
1619331350381addons.xpiDEBUGgetInstallState changed: true, state: {"app-profile":{"fxdriver@googlecode.com":{"d":"C:\\Users\\GUDU\\AppData\\Local\\Temp\\anonymous7095294554554933269webdriver-profile\\extensions\\fxdriver@googlecode.com","st":1619331312487,"mt":1619331312471}},"winreg-app-user":{"mozilla_cc@internetdownloadmanager.com":{"d":"C:\\Users\\GUDU\\AppData\\Roaming\\IDM\\idmmzcc5","st":1558096344504,"mt":1558096344442}},"app-global":{"{972ce4c6-7e08-4474-a285-3208198ce6fd}":{"d":"C:\\Program Files\\Mozilla Firefox\\browser\\extensions\\{972ce4c6-7e08-4474-a285-3208198ce6fd}","st":1541159009233,"mt":1450322003000}}}
1619331350393addons.xpi-utilsDEBUGOpening XPI database C:\Users\GUDU\AppData\Local\Temp\anonymous7095294554554933269webdriver-profile\extensions.json
1619331350395addons.xpi-utilsDEBUGNew add-on fxdriver@googlecode.com installed in app-profile
*** Blocklist::_loadBlocklistFromFile: blocklist is disabled

at org.openqa.selenium.firefox.internal.NewProfileExtensionConnection.start(NewProfileExtensionConnection.java:113)
... 39 more
]]>
    </error>
  </testcase> <!-- browserSetup -->
  <testcase name="testLogin" time="132.237" classname="com.qa.test.DataDrivenTest"/>
  <testcase name="testLogin" time="77.767" classname="com.qa.test.DataDrivenTest">
    <failure type="java.lang.AssertionError" message="expected [true] but found [false]">
      <![CDATA[java.lang.AssertionError: expected [true] but found [false]
at org.testng.Assert.fail(Assert.java:96)
at org.testng.Assert.failNotEquals(Assert.java:776)
at org.testng.Assert.assertTrue(Assert.java:44)
at org.testng.Assert.assertTrue(Assert.java:54)
at com.qa.test.DataDrivenTest.testLogin(DataDrivenTest.java:53)
at sun.reflect.NativeMethodAccessorImpl.invoke0(Native Method)
at sun.reflect.NativeMethodAccessorImpl.invoke(NativeMethodAccessorImpl.java:62)
at sun.reflect.DelegatingMethodAccessorImpl.invoke(DelegatingMethodAccessorImpl.java:43)
at java.lang.reflect.Method.invoke(Method.java:498)
at org.testng.internal.MethodInvocationHelper.invokeMethod(MethodInvocationHelper.java:124)
at org.testng.internal.Invoker.invokeMethod(Invoker.java:583)
at org.testng.internal.Invoker.invokeTestMethod(Invoker.java:719)
at org.testng.internal.Invoker.invokeTestMethods(Invoker.java:989)
at org.testng.internal.TestMethodWorker.invokeTestMethods(TestMethodWorker.java:125)
at org.testng.internal.TestMethodWorker.run(TestMethodWorker.java:109)
at org.testng.TestRunner.privateRun(TestRunner.java:648)
at org.testng.TestRunner.run(TestRunner.java:505)
at org.testng.SuiteRunner.runTest(SuiteRunner.java:455)
at org.testng.SuiteRunner.runSequentially(SuiteRunner.java:450)
at org.testng.SuiteRunner.privateRun(SuiteRunner.java:415)
at org.testng.SuiteRunner.run(SuiteRunner.java:364)
at org.testng.SuiteRunnerWorker.runSuite(SuiteRunnerWorker.java:52)
at org.testng.SuiteRunnerWorker.run(SuiteRunnerWorker.java:84)
at org.testng.TestNG.runSuitesSequentially(TestNG.java:1208)
at org.testng.TestNG.runSuitesLocally(TestNG.java:1137)
at org.testng.TestNG.runSuites(TestNG.java:1049)
at org.testng.TestNG.run(TestNG.java:1017)
at org.apache.maven.surefire.testng.TestNGExecutor.run(TestNGExecutor.java:295)
at org.apache.maven.surefire.testng.TestNGXmlTestSuite.execute(TestNGXmlTestSuite.java:84)
at org.apache.maven.surefire.testng.TestNGProvider.invoke(TestNGProvider.java:90)
at org.apache.maven.surefire.booter.ForkedBooter.invokeProviderInSameClassLoader(ForkedBooter.java:203)
at org.apache.maven.surefire.booter.ForkedBooter.runSuitesInProcess(ForkedBooter.java:155)
at org.apache.maven.surefire.booter.ForkedBooter.main(ForkedBooter.java:103)
]]>
    </failure>
  </testcase> <!-- testLogin -->
</testsuite> <!-- com.qa.test.DataDrivenTest -->
